xmverilog(64): 19.03-s009: (c) Copyright 1995-2019 Cadence Design Systems, Inc.
TOOL:	xmverilog	19.03-s009: Started on Nov 25, 2019 at 00:35:02 EST
xmverilog
	+xm64bit
	+access+r
	./tb_top.sv
	../code/adc_6b.sv
	../code/prbs_gen_1b.v
	../code/prbs_gen_2b.v
	../channel/channel_10dB.sv
	../channel/channel_17dB.sv
	../channel/channel_23dB.sv
	../channel/channel_27dB.sv
xmverilog: *F,INTERR: INTERNAL EXCEPTION
-----------------------------------------------------------------
The tool has encountered an unexpected condition and must exit.
Contact Cadence Design Systems customer support about this
problem and provide enough information to help us reproduce it,
including the logfile that contains this error message.
  TOOL:	xrun(64)	19.03-s009
  HOSTNAME: santa0
  OPERATING SYSTEM: Linux 3.10.0-1062.4.1.el7.x86_64 #1 SMP Fri Oct 18 17:15:30 UTC 2019 x86_64
  MESSAGE: bad parameter passed to spath_absolute()
-----------------------------------------------------------------
TOOL:	xmverilog	19.03-s009: Exiting on Nov 25, 2019 at 00:35:02 EST  (total: 00:00:00)
