Operating system: Linux
                  0.0.0 Linux 3.10.0-1062.4.1.el7.x86_64 #1 SMP Fri Oct 18 17:15:30 UTC 2019 x86_64
CPU: amd64
     family 6 model 85 stepping 4
     1 CPU

GPU: UNKNOWN

Crash reason:  DUMP_REQUESTED
Crash address: 0x7fc9c8cbf2e0
Process uptime: not available

Thread 0 (crashed)
 0  libcbreakpad.so + 0x2f2e0
    rax = 0x00ff000000000000   rdx = 0x0000000000000000
    rcx = 0x00007fc9c8cbdb7d   rbx = 0x00007fffbc83f170
    rsi = 0x0000000000000001   rdi = 0x00007fffbc83eb28
    rbp = 0x00007fffbc83f0e0   rsp = 0x00007fffbc83ea90
     r8 = 0x0000000000000000    r9 = 0x0000000000000000
    r10 = 0x00ff000000000000   r11 = 0x0000000000000000
    r12 = 0x00007fffbc83f458   r13 = 0x000000000000000b
    r14 = 0x00007fffbc83f0f0   r15 = 0x0000000003fa99c0
    rip = 0x00007fc9c8cbf2e0
    Found by: given as instruction pointer in context
 1  libcbreakpad.so + 0x2d64e
    rbp = 0x00007fffbc83f210   rsp = 0x00007fffbc83f0f0
    rip = 0x00007fc9c8cbd64e
    Found by: previous frame's frame pointer
 2  libdcapi.so + 0x53689
    rbp = 0x00007fffbc83f210   rsp = 0x00007fffbc83f140
    rip = 0x00007fc9be606689
    Found by: stack scanning
 3  libc-2.17.so + 0x6e663
    rbp = 0x00007fffbc83f210   rsp = 0x00007fffbc83f200
    rip = 0x00007fc9c8f62663
    Found by: stack scanning
 4  xmsim!vserror + 0x98
    rsp = 0x00007fffbc83f220   rip = 0x00000000014ed958
    Found by: stack scanning
 5  xmsim!serror + 0x95
    rbx = 0x0000000000000000   rbp = 0x0000000003fba940
    rsp = 0x00007fffbc83f450   r12 = 0x0000000000000000
    r13 = 0x0000000003f94b50   r14 = 0x0000000000000000
    rip = 0x00000000014eef25
    Found by: call frame info
 6  xmsim!ssig_interr + 0x5a
    rbx = 0x000000000000000b   rbp = 0x0000000003fba940
    rsp = 0x00007fffbc83f530   r12 = 0x0000000000000000
    r13 = 0x0000000003f94b50   r14 = 0x0000000000000000
    rip = 0x00000000014d574a
    Found by: call frame info
 7  libpthread-2.17.so + 0xf5f0
    rbx = 0x00000000fffffff5   rbp = 0x0000000003fba940
    rsp = 0x00007fffbc83f5c0   r12 = 0x0000000000000000
    r13 = 0x0000000003f94b50   r14 = 0x0000000000000000
    rip = 0x00007fc9c9d6f5f0
    Found by: call frame info
 8  libc-2.17.so + 0x8e000
    rsp = 0x00007fffbc83f600   rip = 0x00007fc9c8f82000
    Found by: stack scanning
 9  xmsim!_fini + 0x41f96e
    rsp = 0x00007fffbc83f638   rip = 0x00000000020bc96e
    Found by: stack scanning
10  xmsim!nc_prepare_to_exit + 0x31
    rsp = 0x00007fffbc83f670   rip = 0x00000000004ac556
    Found by: stack scanning

Loaded modules:
0x00400000 - 0x023f1fff  xmsim  ???  (main)
0x025f1000 - 0x027e4fff  xmsim  ???
0x7fc9be221000 - 0x7fc9be372fff  libStrapNC.so  ???
0x7fc9be373000 - 0x7fc9be5a8fff  libStrapNC.so  ???
0x7fc9be5b3000 - 0x7fc9be653fff  libdcapi.so  ???  (WARNING: No symbols, libdcapi.so, BEDEA1D1260A283EB229DFFC29DA82E60)
0x7fc9be654000 - 0x7fc9be85ffff  libdcapi.so  ???
0x7fc9be861000 - 0x7fc9c4d8afff  locale-archive  ???
0x7fc9c4d8b000 - 0x7fc9c4d99fff  libbz2.so.1.0.6  ???
0x7fc9c4d9a000 - 0x7fc9c4f9afff  libbz2.so.1.0.6  ???
0x7fc9c4f9b000 - 0x7fc9c4fb1fff  libelf-0.176.so  ???
0x7fc9c4fb2000 - 0x7fc9c51b2fff  libelf-0.176.so  ???
0x7fc9c51b3000 - 0x7fc9c51b6fff  libattr.so.1.1.0  ???
0x7fc9c51b7000 - 0x7fc9c53b7fff  libattr.so.1.1.0  ???
0x7fc9c53b8000 - 0x7fc9c53bbfff  libuuid.so.1.3.0  ???
0x7fc9c53bc000 - 0x7fc9c55bcfff  libuuid.so.1.3.0  ???
0x7fc9c55bd000 - 0x7fc9c55f8fff  libblkid.so.1.1.0  ???
0x7fc9c55f9000 - 0x7fc9c57fbfff  libblkid.so.1.1.0  ???
0x7fc9c57fd000 - 0x7fc9c584afff  libdw-0.176.so  ???
0x7fc9c584b000 - 0x7fc9c5a4dfff  libdw-0.176.so  ???
0x7fc9c5a4e000 - 0x7fc9c5a51fff  libgpg-error.so.0.10.0  ???
0x7fc9c5a52000 - 0x7fc9c5c52fff  libgpg-error.so.0.10.0  ???
0x7fc9c5c53000 - 0x7fc9c5ccffff  libgcrypt.so.11.8.2  ???
0x7fc9c5cd0000 - 0x7fc9c5ed2fff  libgcrypt.so.11.8.2  ???
0x7fc9c5ed4000 - 0x7fc9c5ee5fff  liblz4.so.1.7.1  ???
0x7fc9c5ee6000 - 0x7fc9c60e5fff  liblz4.so.1.7.1  ???
0x7fc9c60e6000 - 0x7fc9c610afff  liblzma.so.5.2.2  ???
0x7fc9c610b000 - 0x7fc9c630bfff  liblzma.so.5.2.2  ???
0x7fc9c630c000 - 0x7fc9c6312fff  librt-2.17.so  ???
0x7fc9c6313000 - 0x7fc9c6513fff  librt-2.17.so  ???
0x7fc9c6514000 - 0x7fc9c6517fff  libcap.so.2.22  ???
0x7fc9c6518000 - 0x7fc9c6718fff  libcap.so.2.22  ???
0x7fc9c6719000 - 0x7fc9c6758fff  libmount.so.1.1.0  ???
0x7fc9c6759000 - 0x7fc9c695afff  libmount.so.1.1.0  ???
0x7fc9c695c000 - 0x7fc9c6971fff  libresolv-2.17.so  ???
0x7fc9c6972000 - 0x7fc9c6b72fff  libresolv-2.17.so  ???
0x7fc9c6b75000 - 0x7fc9c6b98fff  libselinux.so.1  ???
0x7fc9c6b99000 - 0x7fc9c6d99fff  libselinux.so.1  ???
0x7fc9c6d9c000 - 0x7fc9c6db0fff  libz.so.1.2.7  ???
0x7fc9c6db1000 - 0x7fc9c6fb1fff  libz.so.1.2.7  ???
0x7fc9c6fb2000 - 0x7fc9c7011fff  libpcre.so.1.2.0  ???
0x7fc9c7012000 - 0x7fc9c7213fff  libpcre.so.1.2.0  ???
0x7fc9c7214000 - 0x7fc9c7216fff  libgmodule-2.0.so.0.5600.1  ???
0x7fc9c7217000 - 0x7fc9c7417fff  libgmodule-2.0.so.0.5600.1  ???
0x7fc9c7418000 - 0x7fc9c741efff  libffi.so.6.0.1  ???
0x7fc9c741f000 - 0x7fc9c761ffff  libffi.so.6.0.1  ???
0x7fc9c7620000 - 0x7fc9c764efff  libsystemd.so.0.6.0  ???
0x7fc9c764f000 - 0x7fc9c7850fff  libsystemd.so.0.6.0  ???
0x7fc9c7851000 - 0x7fc9c7964fff  libglib-2.0.so.0.5600.1  ???
0x7fc9c7965000 - 0x7fc9c7b65fff  libglib-2.0.so.0.5600.1  ???
0x7fc9c7b67000 - 0x7fc9c7bb5fff  libgobject-2.0.so.0.5600.1  ???
0x7fc9c7bb6000 - 0x7fc9c7db7fff  libgobject-2.0.so.0.5600.1  ???
0x7fc9c7db8000 - 0x7fc9c7f4cfff  libgio-2.0.so.0.5600.1  ???
0x7fc9c7f4d000 - 0x7fc9c8154fff  libgio-2.0.so.0.5600.1  ???
0x7fc9c8157000 - 0x7fc9c81a4fff  libdbus-1.so.3.14.14  ???
0x7fc9c81a5000 - 0x7fc9c83a5fff  libdbus-1.so.3.14.14  ???
0x7fc9c83a7000 - 0x7fc9c83ccfff  libdbus-glib-1.so.2.2.2  ???
0x7fc9c83cd000 - 0x7fc9c85cefff  libdbus-glib-1.so.2.2.2  ???
0x7fc9c85cf000 - 0x7fc9c85e4fff  libnsl-2.17.so  ???
0x7fc9c85e5000 - 0x7fc9c87e6fff  libnsl-2.17.so  ???
0x7fc9c87e9000 - 0x7fc9c87f3fff  libnss_nis-2.17.so  ???
0x7fc9c87f4000 - 0x7fc9c89f4fff  libnss_nis-2.17.so  ???
0x7fc9c89f5000 - 0x7fc9c8a00fff  libnss_files-2.17.so  ???
0x7fc9c8a01000 - 0x7fc9c8c01fff  libnss_files-2.17.so  ???
0x7fc9c8c90000 - 0x7fc9c8ceafff  libcbreakpad.so  ???  (WARNING: No symbols, libcbreakpad.so, 24CD58BD78E8ECAC4322A420304CAF0A0)
0x7fc9c8ceb000 - 0x7fc9c8eedfff  libcbreakpad.so  ???
0x7fc9c8ef4000 - 0x7fc9c90b6fff  libc-2.17.so  ???  (WARNING: No symbols, libc-2.17.so, D3448939F12C676AAF51067A326E6C0C0)
0x7fc9c90b7000 - 0x7fc9c92bcfff  libc-2.17.so  ???
0x7fc9c92c2000 - 0x7fc9c92d7fff  libgcc_s.so.1  ???
0x7fc9c92d8000 - 0x7fc9c94d8fff  libgcc_s.so.1  ???
0x7fc9c94d9000 - 0x7fc9c964afff  libstdc++.so.6.0.22  ???
0x7fc9c964b000 - 0x7fc9c9855fff  libstdc++.so.6.0.22  ???
0x7fc9c985a000 - 0x7fc9c995afff  libm-2.17.so  ???
0x7fc9c995b000 - 0x7fc9c9b5bfff  libm-2.17.so  ???
0x7fc9c9b5c000 - 0x7fc9c9b5dfff  libdl-2.17.so  ???
0x7fc9c9b5e000 - 0x7fc9c9d5ffff  libdl-2.17.so  ???
0x7fc9c9d60000 - 0x7fc9c9d76fff  libpthread-2.17.so  ???  (WARNING: No symbols, libpthread-2.17.so, F8F7338B6FC8548D4C63C5541A8E42B30)
0x7fc9c9d77000 - 0x7fc9c9f77fff  libpthread-2.17.so  ???
0x7fc9c9f7c000 - 0x7fc9c9f9dfff  ld-2.17.so  ???
0x7fc9ca19d000 - 0x7fc9ca19efff  ld-2.17.so  ???
0x7fffbc89f000 - 0x7fffbc8a0fff  linux-gate.so  ???

******BACKTRACE*****
vserror [0x14ed958]
serror [0x14eef25]
ssig_interr [0x14d574a]
nc_prepare_to_exit [0x4ac556]
sexit [0x14d4b49]
ssig_exit [0x14d56d3]
strapLoad [0x9192a2]
xncmain [0x4a5103]
ncmain [0x49d820]
main [0x1c9cefc]
_start [0x43ca6d]
******BACKTRACE END*****