/cad/package/cadence/XCELIUM1903/tools.lnx86/inca/bin/64bit/xmsim
Obtained 23 stack frames.
/cad/package/cadence/XCELIUM1903/tools.lnx86/inca/bin/64bit/../../../lib/64bit/libcbreakpad.so(_Z13use_backtracev+0x9d) [0x7fc9c8cbd2b9]
/cad/package/cadence/XCELIUM1903/tools.lnx86/inca/bin/64bit/../../../lib/64bit/libcbreakpad.so(cbpad_generate_dump_on_demand+0x66) [0x7fc9c8cbd60c]
xmsim() [0x14ed958]
xmsim(serror+0x95) [0x14eef25]
xmsim() [0x14d574a]
/lib64/libpthread.so.0(+0xf5f0) [0x7fc9c9d6f5f0]
xmsim() [0x4ac556]
xmsim() [0x14d4b49]
xmsim() [0x14d56d3]
/lib64/libpthread.so.0(+0xf5f0) [0x7fc9c9d6f5f0]
/lib64/libpthread.so.0(__close+0x10) [0x7fc9c9d6e760]
/cad/package/cadence/XCELIUM1903/tools/lib/64bit/libdcapi.so(+0x74564) [0x7fc9be627564]
/cad/package/cadence/XCELIUM1903/tools/lib/64bit/libdcapi.so(+0x56f7e) [0x7fc9be609f7e]
/cad/package/cadence/XCELIUM1903/tools/lib/64bit/libdcapi.so(+0x56e38) [0x7fc9be609e38]
/cad/package/cadence/XCELIUM1903/tools/lib/64bit/libdcapi.so(daiTcl_Close+0x189) [0x7fc9be60a201]
/cad/package/cadence/XCELIUM1903/tools/lib/64bit/libStrapNC.so(Strap_AssignPassword+0x4ab) [0x7fc9be262e6b]
/cad/package/cadence/XCELIUM1903/tools/lib/64bit/libStrapNC.so(Strap_Init+0x1b8) [0x7fc9be25fe18]
xmsim() [0x9192a2]
xmsim() [0x4a5103]
xmsim(ncmain+0x9c) [0x49d820]
xmsim(main+0x10) [0x1c9cefc]
/lib64/libc.so.6(__libc_start_main+0xf5) [0x7fc9c8f16505]
xmsim() [0x43ca6d]
